[debug] > Exec(;reload; set _root_.org.jetbrains.sbt.StructureKeys.sbtStructureOptions in Global := "download resolveClassifiers resolveSbtClassifiers" ;*/*:dumpStructureTo C:/Users/Abhinav/AppData/Local/Temp/sbt-structure.xml; session clear-all ; set ideaPort in Global := 58380, None, None)
[debug] > Exec(reload, None, None)
[debug] > Exec(sbtStashOnFailure, None, None)
[debug] > Exec(onFailure loadFailed, None, None)
[debug] > Exec(loadp, None, None)
[info] welcome to sbt 1.9.1 (Oracle Corporation Java 19.0.2)
[debug]       Load.loadUnit: plugins took 58.6103ms
[debug]       Load.loadUnit: defsScala took 0.015ms
[debug] [Loading] Scanning directory C:\Users\Abhinav\.sbt\1.0\plugins
[debug] [Loading] Found non-root projects 
[debug] [Loading] Done in C:\Users\Abhinav\.sbt\1.0\plugins, returning: ()
[debug] deducing auto plugins based on known facts Set(Atom(sbt.plugins.CorePlugin)) and clauses Clauses(Clause(Atom(sbt.plugins.JvmPlugin),Set(Atom(sbt.plugins.IvyPlugin)))
[debug] Clause(Atom(sbt.ScriptedPlugin),Set(Atom(sbt.plugins.JvmPlugin)))
[debug] Clause(Atom(sbt.plugins.SbtPlugin),Set(Atom(sbt.ScriptedPlugin)))
[debug] Clause(Atom(sbt.plugins.SemanticdbPlugin),Set(Atom(sbt.plugins.JvmPlugin)))
[debug] Clause(Atom(sbt.plugins.JUnitXmlReportPlugin),Set(Atom(sbt.plugins.JvmPlugin)))
[debug] Clause(Atom(sbt.plugins.MiniDependencyTreePlugin),Set(Atom(sbt.plugins.JvmPlugin)))
[debug] Clause(Atom(sbt.plugins.CorePlugin),Set(Atom(sbt.plugins.IvyPlugin)))
[debug] Clause(Atom(sbt.plugins.IvyPlugin),Set(Atom(sbt.plugins.JvmPlugin)))
[debug] Clause(Atom(sbt.plugins.JvmPlugin),Set(Atom(sbt.plugins.SemanticdbPlugin)))
[debug] Clause(Atom(sbt.plugins.JvmPlugin),Set(Atom(sbt.plugins.JUnitXmlReportPlugin)))
[debug] Clause(Atom(sbt.plugins.CorePlugin),Set(Atom(sbt.plugins.Giter8TemplatePlugin)))
[debug] Clause(Atom(sbt.plugins.JvmPlugin),Set(Atom(sbt.plugins.MiniDependencyTreePlugin))))
[debug]   :: deduced result: Matched(sbt.plugins.CorePlugin,sbt.plugins.Giter8TemplatePlugin,sbt.plugins.IvyPlugin,sbt.plugins.JvmPlugin,sbt.plugins.MiniDependencyTreePlugin,sbt.plugins.JUnitXmlReportPlugin,sbt.plugins.SemanticdbPlugin)
[debug] Plugins.deducer#function took 8.0314 ms
[debug]           Load.resolveProject(global-plugins) took 2.6553ms
[debug]         Load.loadTransitive: finalizeProject(Project(id global-plugins, base: C:\Users\Abhinav\.sbt\1.0\plugins, plugins: List(<none>))) took 11.8996ms
[debug] [Loading] Done in C:\Users\Abhinav\.sbt\1.0\plugins, returning: (global-plugins)
[debug]       Load.loadUnit: loadedProjectsRaw took 14.4862ms
[debug]       Load.loadUnit: cleanEvalClasses took 0.0364ms
[debug]     Load.loadUnit(file:/C:/Users/Abhinav/.sbt/1.0/plugins/, ...) took 131.3078ms
[debug]   Load.apply: load took 135.1654ms
[debug]   Load.apply: resolveProjects took 0.173ms
[debug]   Load.apply: finalTransforms took 30.0959ms
[debug]   Load.apply: config.delegates took 0.5168ms
[debug]   Load.apply: Def.make(settings)... took 156.9648ms
[debug]   Load.apply: structureIndex took 87.1121ms
[debug]   Load.apply: mkStreams took 0.0041ms
[info] loading global plugins from C:\Users\Abhinav\.sbt\1.0\plugins
[debug] Running task... Cancel: Signal, check cycles: false, forcegc: true
[debug] Load.defaultLoad until apply took 1447.0679ms
[debug]           Load.loadUnit: plugins took 80.0049ms
[debug]           Load.loadUnit: defsScala took 0.0092ms
[debug] [Loading] Scanning directory C:\Users\Abhinav\Desktop\Demyst\Ipify\project
[debug]             Load.loadUnit: mkEval took 0.8367ms
[debug] [Loading] Found non-root projects 
[debug] [Loading] Done in C:\Users\Abhinav\Desktop\Demyst\Ipify\project, returning: ()
[debug] deducing auto plugins based on known facts Set(Atom(sbt.plugins.CorePlugin)) and clauses Clauses(Clause(Atom(sbt.plugins.JvmPlugin),Set(Atom(sbt.plugins.IvyPlugin)))
[debug] Clause(Atom(sbt.ScriptedPlugin),Set(Atom(sbt.plugins.JvmPlugin)))
[debug] Clause(Atom(sbt.plugins.SbtPlugin),Set(Atom(sbt.ScriptedPlugin)))
[debug] Clause(Atom(sbt.plugins.SemanticdbPlugin),Set(Atom(sbt.plugins.JvmPlugin)))
[debug] Clause(Atom(sbt.plugins.JUnitXmlReportPlugin),Set(Atom(sbt.plugins.JvmPlugin)))
[debug] Clause(Atom(sbt.plugins.MiniDependencyTreePlugin),Set(Atom(sbt.plugins.JvmPlugin)))
[debug] Clause(Atom(sbt.plugins.CorePlugin),Set(Atom(sbt.plugins.IvyPlugin)))
[debug] Clause(Atom(sbt.plugins.IvyPlugin),Set(Atom(sbt.plugins.JvmPlugin)))
[debug] Clause(Atom(sbt.plugins.JvmPlugin),Set(Atom(sbt.plugins.SemanticdbPlugin)))
[debug] Clause(Atom(sbt.plugins.JvmPlugin),Set(Atom(sbt.plugins.JUnitXmlReportPlugin)))
[debug] Clause(Atom(sbt.plugins.CorePlugin),Set(Atom(sbt.plugins.Giter8TemplatePlugin)))
[debug] Clause(Atom(sbt.plugins.JvmPlugin),Set(Atom(sbt.plugins.MiniDependencyTreePlugin))))
[debug]   :: deduced result: Matched(sbt.plugins.CorePlugin,sbt.plugins.Giter8TemplatePlugin,sbt.plugins.IvyPlugin,sbt.plugins.JvmPlugin,sbt.plugins.MiniDependencyTreePlugin,sbt.plugins.JUnitXmlReportPlugin,sbt.plugins.SemanticdbPlugin)
[debug] Plugins.deducer#function took 3.8357 ms
[info] loading settings for project ipify-build from idea.sbt ...
[debug]               Load.resolveProject(ipify-build) took 2.4765ms
[debug]             Load.loadTransitive: finalizeProject(Project(id ipify-build, base: C:\Users\Abhinav\Desktop\Demyst\Ipify\project, plugins: List(<none>))) took 7.1113ms
[debug] [Loading] Done in C:\Users\Abhinav\Desktop\Demyst\Ipify\project, returning: (ipify-build)
[debug]           Load.loadUnit: loadedProjectsRaw took 59.835ms
[debug]           Load.loadUnit: cleanEvalClasses took 7.3826ms
[debug]         Load.loadUnit(file:/C:/Users/Abhinav/Desktop/Demyst/Ipify/project/, ...) took 148.7946ms
[debug]       Load.apply: load took 151.0363ms
[debug]       Load.apply: resolveProjects took 0.1797ms
[debug]       Load.apply: finalTransforms took 14.2933ms
[debug]       Load.apply: config.delegates took 0.4221ms
[debug]       Load.apply: Def.make(settings)... took 220.0172ms
[debug]       Load.apply: structureIndex took 31.8271ms
[debug]       Load.apply: mkStreams took 0.0031ms
[info] loading project definition from C:\Users\Abhinav\Desktop\Demyst\Ipify\project
[debug] Running task... Cancel: Signal, check cycles: false, forcegc: true
[debug]     Load.loadUnit: plugins took 1003.706ms
[debug]     Load.loadUnit: defsScala took 0.007ms
[debug] [Loading] Scanning directory C:\Users\Abhinav\Desktop\Demyst\Ipify
[debug]       Load.loadUnit: mkEval took 0.5711ms
[debug] [Loading] Found root project root w/ remaining 
[debug] deducing auto plugins based on known facts Set(Atom(sbt.plugins.CorePlugin)) and clauses Clauses(Clause(Atom(sbt.plugins.JvmPlugin),Set(Atom(sbt.plugins.IvyPlugin)))
[debug] Clause(Atom(sbt.ScriptedPlugin),Set(Atom(sbt.plugins.JvmPlugin)))
[debug] Clause(Atom(sbt.plugins.SbtPlugin),Set(Atom(sbt.ScriptedPlugin)))
[debug] Clause(Atom(sbt.plugins.SemanticdbPlugin),Set(Atom(sbt.plugins.JvmPlugin)))
[debug] Clause(Atom(sbt.plugins.JUnitXmlReportPlugin),Set(Atom(sbt.plugins.JvmPlugin)))
[debug] Clause(Atom(sbt.plugins.MiniDependencyTreePlugin),Set(Atom(sbt.plugins.JvmPlugin)))
[debug] Clause(Atom(org.jetbrains.sbt.StructurePlugin),Set(Atom(sbt.plugins.JvmPlugin)))
[debug] Clause(Atom(org.jetbrains.sbt.IdeaShellPlugin),Set(Atom(sbt.plugins.JvmPlugin)))
[debug] Clause(Atom(org.jetbrains.sbt.indices.SbtIntellijIndicesPlugin),Set(Atom(sbt.plugins.JvmPlugin)))
[debug] Clause(Atom(sbt.plugins.CorePlugin),Set(Atom(sbt.plugins.IvyPlugin)))
[debug] Clause(Atom(sbt.plugins.IvyPlugin),Set(Atom(sbt.plugins.JvmPlugin)))
[debug] Clause(Atom(sbt.plugins.JvmPlugin),Set(Atom(sbt.plugins.SemanticdbPlugin)))
[debug] Clause(Atom(sbt.plugins.JvmPlugin),Set(Atom(sbt.plugins.JUnitXmlReportPlugin)))
[debug] Clause(Atom(sbt.plugins.CorePlugin),Set(Atom(sbt.plugins.Giter8TemplatePlugin)))
[debug] Clause(Atom(sbt.plugins.JvmPlugin),Set(Atom(sbt.plugins.MiniDependencyTreePlugin)))
[debug] Clause(Atom(sbt.plugins.JvmPlugin),Set(Atom(org.jetbrains.sbt.StructurePlugin)))
[debug] Clause(Atom(sbt.plugins.JvmPlugin),Set(Atom(org.jetbrains.sbt.IdeaShellPlugin)))
[debug] Clause(And(Set(Atom(sbt.plugins.CorePlugin), Atom(sbt.plugins.JvmPlugin))),Set(Atom(org.jetbrains.sbt.indices.SbtIntellijIndicesPlugin))))
[debug]   :: deduced result: Matched(sbt.plugins.CorePlugin,sbt.plugins.Giter8TemplatePlugin,sbt.plugins.IvyPlugin,sbt.plugins.JvmPlugin,sbt.plugins.SemanticdbPlugin,org.jetbrains.sbt.indices.SbtIntellijIndicesPlugin,sbt.plugins.JUnitXmlReportPlugin,org.jetbrains.sbt.IdeaShellPlugin,org.jetbrains.sbt.StructurePlugin,sbt.plugins.MiniDependencyTreePlugin)
[debug] Plugins.deducer#function took 10.2361 ms
[info] loading settings for project root from build.sbt ...
[debug]         Load.resolveProject(root) took 103.4317ms
[debug]       Load.loadTransitive: finalizeProject(Project(id root, base: C:\Users\Abhinav\Desktop\Demyst\Ipify, plugins: List(<none>))) took 116.3406ms
[debug] [Loading] Done in C:\Users\Abhinav\Desktop\Demyst\Ipify, returning: (root)
[debug]     Load.loadUnit: loadedProjectsRaw took 356.9013ms
[debug]     Load.loadUnit: cleanEvalClasses took 25.3862ms
[debug]   Load.loadUnit(file:/C:/Users/Abhinav/Desktop/Demyst/Ipify/, ...) took 1388.8076ms
[debug] Load.apply: load took 1391.9308ms
[debug] Load.apply: resolveProjects took 0.1429ms
[debug] Load.apply: finalTransforms took 36.3874ms
[debug] Load.apply: config.delegates took 0.5174ms
[debug] Load.apply: Def.make(settings)... took 151.0788ms
[debug] Load.apply: structureIndex took 31.9703ms
[debug] Load.apply: mkStreams took 0.0032ms
[warn] Discarding 1 session setting.  Use 'session save' to persist session settings.
[info] set current project to Ipify (in build file:/C:/Users/Abhinav/Desktop/Demyst/Ipify/)
[debug] > Exec(sbtPopOnFailure, None, None)
[debug] > Exec(resumeFromFailure, None, None)
[debug] > Exec(set _root_.org.jetbrains.sbt.StructureKeys.sbtStructureOptions in Global := "download resolveClassifiers resolveSbtClassifiers", None, None)
[info] Defining Global / sbtStructureOptions
[info] The new value will be used by Global / ssOptions
[debug] Defining 
[debug] 	Global / sbtStructureOptions
[debug] 
[debug] The new value will be used by 
[debug] 	Global / ssOptions
[info] Reapplying settings...
[info] set current project to Ipify (in build file:/C:/Users/Abhinav/Desktop/Demyst/Ipify/)
[debug] > Exec(*/*:dumpStructureTo C:/Users/Abhinav/AppData/Local/Temp/sbt-structure.xml, None, None)
[debug] Evaluating tasks: Global / dumpStructureTo
[warn] sbt 0.13 shell syntax is deprecated; use slash syntax instead: Global / dumpStructureTo
[debug] Running task... Cancel: Signal, check cycles: false, forcegc: true
[warn] Unrecognized repository Scala Plugin Bundled Repository, ignoring it
[warn] Unrecognized repository Scala Plugin Bundled Repository, ignoring it
[warn] Unrecognized repository Scala Plugin Bundled Repository, ignoring it
[info] Writing structure to C:\Users\Abhinav\AppData\Local\Temp\sbt-structure.xml...
[info] Done.
[success] Total time: 13 s, completed 27-Jun-2023, 10:01:44 am
[debug] > Exec(session clear-all, None, None)
[info] Reapplying settings...
[info] set current project to Ipify (in build file:/C:/Users/Abhinav/Desktop/Demyst/Ipify/)
[debug] > Exec(set ideaPort in Global := 58380, None, None)
[info] Defining Global / ideaPort
[info] The new value will be used by Compile / compile, Test / compile
[debug] Defining 
[debug] 	Global / ideaPort
[debug] 
[debug] The new value will be used by 
[debug] 	Compile / compile
[debug] 	Test / compile
[info] Reapplying settings...
[info] set current project to Ipify (in build file:/C:/Users/Abhinav/Desktop/Demyst/Ipify/)
[debug] > Exec(idea-shell, None, None)
[debug] > Exec(, None, None)
[debug] > Exec(idea-shell, None, None)
