[debug] > Exec(early(addDefaultCommands), None, None)
[debug] > Exec(addDefaultCommands, None, None)
[debug] > Exec(early(initialize), None, None)
[debug] > Exec(initialize, None, None)
[debug] > Exec(boot, None, None)
[debug] > Exec(writeSbtVersion, None, None)
[debug] > Exec(reload, None, None)
[debug] > Exec(sbtStashOnFailure, None, None)
[debug] > Exec(onFailure loadFailed, None, None)
[debug] > Exec(loadp, None, None)
[info] welcome to sbt 1.9.1 (Oracle Corporation Java 1.8.0_172)
[debug] Load.defaultLoad until apply took 645.7694ms
[debug]           Load.loadUnit: plugins took 281.5422ms
[debug]           Load.loadUnit: defsScala took 0.4824ms
[debug] [Loading] Scanning directory C:\Users\Abhinav\Desktop\Demyst\Ipify\project
[debug] [Loading] Found non-root projects 
[debug] [Loading] Done in C:\Users\Abhinav\Desktop\Demyst\Ipify\project, returning: ()
[debug] deducing auto plugins based on known facts Set(Atom(sbt.plugins.CorePlugin)) and clauses Clauses(Clause(Atom(sbt.plugins.JvmPlugin),Set(Atom(sbt.plugins.IvyPlugin)))
[debug] Clause(Atom(sbt.ScriptedPlugin),Set(Atom(sbt.plugins.JvmPlugin)))
[debug] Clause(Atom(sbt.plugins.SbtPlugin),Set(Atom(sbt.ScriptedPlugin)))
[debug] Clause(Atom(sbt.plugins.SemanticdbPlugin),Set(Atom(sbt.plugins.JvmPlugin)))
[debug] Clause(Atom(sbt.plugins.JUnitXmlReportPlugin),Set(Atom(sbt.plugins.JvmPlugin)))
[debug] Clause(Atom(sbt.plugins.MiniDependencyTreePlugin),Set(Atom(sbt.plugins.JvmPlugin)))
[debug] Clause(Atom(sbt.plugins.CorePlugin),Set(Atom(sbt.plugins.IvyPlugin)))
[debug] Clause(Atom(sbt.plugins.IvyPlugin),Set(Atom(sbt.plugins.JvmPlugin)))
[debug] Clause(Atom(sbt.plugins.JvmPlugin),Set(Atom(sbt.plugins.SemanticdbPlugin)))
[debug] Clause(Atom(sbt.plugins.JvmPlugin),Set(Atom(sbt.plugins.JUnitXmlReportPlugin)))
[debug] Clause(Atom(sbt.plugins.CorePlugin),Set(Atom(sbt.plugins.Giter8TemplatePlugin)))
[debug] Clause(Atom(sbt.plugins.JvmPlugin),Set(Atom(sbt.plugins.MiniDependencyTreePlugin))))
[debug]   :: deduced result: Matched(sbt.plugins.CorePlugin,sbt.plugins.Giter8TemplatePlugin,sbt.plugins.IvyPlugin,sbt.plugins.JvmPlugin,sbt.plugins.MiniDependencyTreePlugin,sbt.plugins.JUnitXmlReportPlugin,sbt.plugins.SemanticdbPlugin)
[debug] Plugins.deducer#function took 35.6374 ms
[debug]               Load.resolveProject(ipify-build) took 231.2203ms
[debug]             Load.loadTransitive: finalizeProject(Project(id ipify-build, base: C:\Users\Abhinav\Desktop\Demyst\Ipify\project, plugins: List(<none>))) took 315.9944ms
[debug] [Loading] Done in C:\Users\Abhinav\Desktop\Demyst\Ipify\project, returning: (ipify-build)
[debug]           Load.loadUnit: loadedProjectsRaw took 403.3589ms
[debug]           Load.loadUnit: cleanEvalClasses took 2.282ms
[debug]         Load.loadUnit(file:/C:/Users/Abhinav/Desktop/Demyst/Ipify/project/, ...) took 707.2006ms
[debug]       Load.apply: load took 1837.2312ms
[debug]       Load.apply: resolveProjects took 127.1559ms
[debug]       Load.apply: finalTransforms took 606.0211ms
[debug]       Load.apply: config.delegates took 32.029ms
[debug]       Load.apply: Def.make(settings)... took 1737.0414ms
[debug]       Load.apply: structureIndex took 265.8681ms
[debug]       Load.apply: mkStreams took 41.6623ms
[info] loading project definition from C:\Users\Abhinav\Desktop\Demyst\Ipify\project
[debug] Running task... Cancel: Signal, check cycles: false, forcegc: true
[debug]     Load.loadUnit: plugins took 69636.9099ms
[debug]     Load.loadUnit: defsScala took 0.0047ms
[debug] [Loading] Scanning directory C:\Users\Abhinav\Desktop\Demyst\Ipify
[debug]       Load.loadUnit: mkEval took 11.4992ms
[debug] [Loading] Found root project root w/ remaining 
[debug] deducing auto plugins based on known facts Set(Atom(sbt.plugins.CorePlugin)) and clauses Clauses(Clause(Atom(sbt.plugins.JvmPlugin),Set(Atom(sbt.plugins.IvyPlugin)))
[debug] Clause(Atom(sbt.ScriptedPlugin),Set(Atom(sbt.plugins.JvmPlugin)))
[debug] Clause(Atom(sbt.plugins.SbtPlugin),Set(Atom(sbt.ScriptedPlugin)))
[debug] Clause(Atom(sbt.plugins.SemanticdbPlugin),Set(Atom(sbt.plugins.JvmPlugin)))
[debug] Clause(Atom(sbt.plugins.JUnitXmlReportPlugin),Set(Atom(sbt.plugins.JvmPlugin)))
[debug] Clause(Atom(sbt.plugins.MiniDependencyTreePlugin),Set(Atom(sbt.plugins.JvmPlugin)))
[debug] Clause(Atom(sbt.plugins.CorePlugin),Set(Atom(sbt.plugins.IvyPlugin)))
[debug] Clause(Atom(sbt.plugins.IvyPlugin),Set(Atom(sbt.plugins.JvmPlugin)))
[debug] Clause(Atom(sbt.plugins.JvmPlugin),Set(Atom(sbt.plugins.SemanticdbPlugin)))
[debug] Clause(Atom(sbt.plugins.JvmPlugin),Set(Atom(sbt.plugins.JUnitXmlReportPlugin)))
[debug] Clause(Atom(sbt.plugins.CorePlugin),Set(Atom(sbt.plugins.Giter8TemplatePlugin)))
[debug] Clause(Atom(sbt.plugins.JvmPlugin),Set(Atom(sbt.plugins.MiniDependencyTreePlugin))))
[debug]   :: deduced result: Matched(sbt.plugins.CorePlugin,sbt.plugins.Giter8TemplatePlugin,sbt.plugins.IvyPlugin,sbt.plugins.JvmPlugin,sbt.plugins.MiniDependencyTreePlugin,sbt.plugins.JUnitXmlReportPlugin,sbt.plugins.SemanticdbPlugin)
[debug] Plugins.deducer#function took 5.7818 ms
[info] loading settings for project root from build.sbt ...
[debug]         Load.resolveProject(root) took 6.4541ms
[debug]       Load.loadTransitive: finalizeProject(Project(id root, base: C:\Users\Abhinav\Desktop\Demyst\Ipify, plugins: List(<none>))) took 14.317ms
[debug] [Loading] Done in C:\Users\Abhinav\Desktop\Demyst\Ipify, returning: (root)
[debug]     Load.loadUnit: loadedProjectsRaw took 7621.2252ms
[debug]     Load.loadUnit: cleanEvalClasses took 9.3074ms
[debug]   Load.loadUnit(file:/C:/Users/Abhinav/Desktop/Demyst/Ipify/, ...) took 77269.4329ms
[debug] Load.apply: load took 77392.6989ms
[debug] Load.apply: resolveProjects took 0.2146ms
[debug] Load.apply: finalTransforms took 24.7204ms
[debug] Load.apply: config.delegates took 0.499ms
[debug] Load.apply: Def.make(settings)... took 357.5315ms
[debug] Load.apply: structureIndex took 127.8844ms
[debug] Load.apply: mkStreams took 0.0043ms
[info] set current project to Ipify (in build file:/C:/Users/Abhinav/Desktop/Demyst/Ipify/)
[warn] there's a key that's not used by any other settings/tasks:
[warn]  
[warn] * ThisBuild / version
[warn]   +- C:\Users\Abhinav\Desktop\Demyst\Ipify\build.sbt:1
[warn]  
[warn] note: a setting might still be used by a command; to exclude a key from this `lintUnused` check
[warn] either append it to `Global / excludeLintKeys` or call .withRank(KeyRanks.Invisible) on the key
[debug] > Exec(sbtPopOnFailure, None, None)
[debug] > Exec(resumeFromFailure, None, None)
[debug] > Exec(notifyUsersAboutShell, None, None)
[debug] > Exec(iflast shell, None, None)
[debug] > Exec(shell, None, None)
[info] sbt server started at local:sbt-server-21629d1419babf25b874
[debug] Writing bsp connection file
[info] started sbt server
